# JRE version: Java(TM) SE Runtime Environment (8.0_162-b12) (build 1.8.0_162-b12)
# Java VM: Java HotSpot(TM) 64-Bit Server VM (25.162-b12 mixed mode linux-amd64 compressed oops)
Heap:
 PSYoungGen      total 129536K, used 163K [0x00000000d6f80000, 0x00000000df500000, 0x0000000100000000)
  eden space 122368K, 0% used [0x00000000d6f80000,0x00000000d6f80000,0x00000000de700000)
  from space 7168K, 2% used [0x00000000de700000,0x00000000de728c10,0x00000000dee00000)
  to   space 2048K, 0% used [0x00000000df300000,0x00000000df300000,0x00000000df500000)
 ParOldGen       total 261120K, used 187416K [0x0000000084e00000, 0x0000000094d00000, 0x00000000d6f80000)
  object space 261120K, 71% used [0x0000000084e00000,0x0000000090506220,0x0000000094d00000)
 Metaspace       used 3592K, capacity 4728K, committed 4864K, reserved 1056768K
  class space    used 395K, capacity 424K, committed 512K, reserved 1048576K
GC Heap History (10 events):
Event: 2,310 GC heap after
Heap after GC invocations=3 (full 0):
 PSYoungGen      total 36864K, used 516K [0x00000000d6f80000, 0x00000000db780000, 0x0000000100000000)
  eden space 31744K, 0% used [0x00000000d6f80000,0x00000000d6f80000,0x00000000d8e80000)
  from space 5120K, 10% used [0x00000000d8e80000,0x00000000d8f01020,0x00000000d9380000)
  to   space 5120K, 0% used [0x00000000db280000,0x00000000db280000,0x00000000db780000)
 ParOldGen       total 84992K, used 29989K [0x0000000084e00000, 0x000000008a100000, 0x00000000d6f80000)
  object space 84992K, 35% used [0x0000000084e00000,0x0000000086b49780,0x000000008a100000)
 Metaspace       used 3591K, capacity 4728K, committed 4864K, reserved 1056768K
  class space    used 395K, capacity 424K, committed 512K, reserved 1048576K
}
Event: 2,753 GC heap before
{Heap before GC invocations=4 (full 0):
 PSYoungGen      total 36864K, used 32199K [0x00000000d6f80000, 0x00000000db780000, 0x0000000100000000)
  eden space 31744K, 99% used [0x00000000d6f80000,0x00000000d8e70ee0,0x00000000d8e80000)
  from space 5120K, 10% used [0x00000000d8e80000,0x00000000d8f01020,0x00000000d9380000)
  to   space 5120K, 0% used [0x00000000db280000,0x00000000db280000,0x00000000db780000)
 ParOldGen       total 84992K, used 29989K [0x0000000084e00000, 0x000000008a100000, 0x00000000d6f80000)
  object space 84992K, 35% used [0x0000000084e00000,0x0000000086b49780,0x000000008a100000)
 Metaspace       used 3591K, capacity 4728K, committed 4864K, reserved 1056768K
  class space    used 395K, capacity 424K, committed 512K, reserved 1048576K
Event: 2,763 GC heap after
Heap after GC invocations=4 (full 0):
 PSYoungGen      total 68608K, used 516K [0x00000000d6f80000, 0x00000000db780000, 0x0000000100000000)
  eden space 63488K, 0% used [0x00000000d6f80000,0x00000000d6f80000,0x00000000dad80000)
  from space 5120K, 10% used [0x00000000db280000,0x00000000db301040,0x00000000db780000)
  to   space 5120K, 0% used [0x00000000dad80000,0x00000000dad80000,0x00000000db280000)
 ParOldGen       total 84992K, used 29997K [0x0000000084e00000, 0x000000008a100000, 0x00000000d6f80000)
  object space 84992K, 35% used [0x0000000084e00000,0x0000000086b4b780,0x000000008a100000)
 Metaspace       used 3591K, capacity 4728K, committed 4864K, reserved 1056768K
  class space    used 395K, capacity 424K, committed 512K, reserved 1048576K
}
Event: 3,262 GC heap before
{Heap before GC invocations=5 (full 0):
 PSYoungGen      total 68608K, used 64004K [0x00000000d6f80000, 0x00000000db780000, 0x0000000100000000)
  eden space 63488K, 100% used [0x00000000d6f80000,0x00000000dad80000,0x00000000dad80000)
  from space 5120K, 10% used [0x00000000db280000,0x00000000db301040,0x00000000db780000)
  to   space 5120K, 0% used [0x00000000dad80000,0x00000000dad80000,0x00000000db280000)
 ParOldGen       total 84992K, used 29997K [0x0000000084e00000, 0x000000008a100000, 0x00000000d6f80000)
  object space 84992K, 35% used [0x0000000084e00000,0x0000000086b4b780,0x000000008a100000)
 Metaspace       used 3591K, capacity 4728K, committed 4864K, reserved 1056768K
  class space    used 395K, capacity 424K, committed 512K, reserved 1048576K
Event: 3,341 GC heap after
Heap after GC invocations=5 (full 0):
 PSYoungGen      total 68608K, used 500K [0x00000000d6f80000, 0x00000000dfa80000, 0x0000000100000000)
  eden space 63488K, 0% used [0x00000000d6f80000,0x00000000d6f80000,0x00000000dad80000)
  from space 5120K, 9% used [0x00000000dad80000,0x00000000dadfd030,0x00000000db280000)
  to   space 7680K, 0% used [0x00000000df300000,0x00000000df300000,0x00000000dfa80000)
 ParOldGen       total 84992K, used 66949K [0x0000000084e00000, 0x000000008a100000, 0x00000000d6f80000)
  object space 84992K, 78% used [0x0000000084e00000,0x0000000088f61790,0x000000008a100000)
 Metaspace       used 3591K, capacity 4728K, committed 4864K, reserved 1056768K
  class space    used 395K, capacity 424K, committed 512K, reserved 1048576K
}
Event: 3,341 GC heap before
{Heap before GC invocations=6 (full 1):
 PSYoungGen      total 68608K, used 500K [0x00000000d6f80000, 0x00000000dfa80000, 0x0000000100000000)
  eden space 63488K, 0% used [0x00000000d6f80000,0x00000000d6f80000,0x00000000dad80000)
  from space 5120K, 9% used [0x00000000dad80000,0x00000000dadfd030,0x00000000db280000)
  to   space 7680K, 0% used [0x00000000df300000,0x00000000df300000,0x00000000dfa80000)
 ParOldGen       total 84992K, used 66949K [0x0000000084e00000, 0x000000008a100000, 0x00000000d6f80000)
  object space 84992K, 78% used [0x0000000084e00000,0x0000000088f61790,0x000000008a100000)
 Metaspace       used 3591K, capacity 4728K, committed 4864K, reserved 1056768K
  class space    used 395K, capacity 424K, committed 512K, reserved 1048576K
Event: 3,366 GC heap after
Heap after GC invocations=6 (full 1):
 PSYoungGen      total 68608K, used 0K [0x00000000d6f80000, 0x00000000dfa80000, 0x0000000100000000)
  eden space 63488K, 0% used [0x00000000d6f80000,0x00000000d6f80000,0x00000000dad80000)
  from space 5120K, 0% used [0x00000000dad80000,0x00000000dad80000,0x00000000db280000)
  to   space 7680K, 0% used [0x00000000df300000,0x00000000df300000,0x00000000dfa80000)
 ParOldGen       total 112640K, used 39608K [0x0000000084e00000, 0x000000008bc00000, 0x00000000d6f80000)
  object space 112640K, 35% used [0x0000000084e00000,0x00000000874ae200,0x000000008bc00000)
 Metaspace       used 3591K, capacity 4728K, committed 4864K, reserved 1056768K
  class space    used 395K, capacity 424K, committed 512K, reserved 1048576K
}
Event: 3,963 GC heap before
{Heap before GC invocations=7 (full 1):
 PSYoungGen      total 68608K, used 63488K [0x00000000d6f80000, 0x00000000dfa80000, 0x0000000100000000)
  eden space 63488K, 100% used [0x00000000d6f80000,0x00000000dad80000,0x00000000dad80000)
  from space 5120K, 0% used [0x00000000dad80000,0x00000000dad80000,0x00000000db280000)
  to   space 7680K, 0% used [0x00000000df300000,0x00000000df300000,0x00000000dfa80000)
 ParOldGen       total 112640K, used 39608K [0x0000000084e00000, 0x000000008bc00000, 0x00000000d6f80000)
  object space 112640K, 35% used [0x0000000084e00000,0x00000000874ae200,0x000000008bc00000)
 Metaspace       used 3591K, capacity 4728K, committed 4864K, reserved 1056768K
  class space    used 395K, capacity 424K, committed 512K, reserved 1048576K
Event: 3,964 GC heap after
Heap after GC invocations=7 (full 1):
 PSYoungGen      total 124416K, used 227K [0x00000000d6f80000, 0x00000000df500000, 0x0000000100000000)
  eden space 122368K, 0% used [0x00000000d6f80000,0x00000000d6f80000,0x00000000de700000)
  from space 2048K, 11% used [0x00000000df300000,0x00000000df338c10,0x00000000df500000)
  to   space 7168K, 0% used [0x00000000de700000,0x00000000de700000,0x00000000dee00000)
 ParOldGen       total 112640K, used 39608K [0x0000000084e00000, 0x000000008bc00000, 0x00000000d6f80000)
  object space 112640K, 35% used [0x0000000084e00000,0x00000000874ae200,0x000000008bc00000)
 Metaspace       used 3591K, capacity 4728K, committed 4864K, reserved 1056768K
  class space    used 395K, capacity 424K, committed 512K, reserved 1048576K
}
Event: 4,393 GC heap before
{Heap before GC invocations=8 (full 1):
 PSYoungGen      total 124416K, used 116865K [0x00000000d6f80000, 0x00000000df500000, 0x0000000100000000)
  eden space 122368K, 95% used [0x00000000d6f80000,0x00000000de167a40,0x00000000de700000)
  from space 2048K, 11% used [0x00000000df300000,0x00000000df338c10,0x00000000df500000)
  to   space 7168K, 0% used [0x00000000de700000,0x00000000de700000,0x00000000dee00000)
 ParOldGen       total 112640K, used 39608K [0x0000000084e00000, 0x000000008bc00000, 0x00000000d6f80000)
  object space 112640K, 35% used [0x0000000084e00000,0x00000000874ae200,0x000000008bc00000)
 Metaspace       used 3592K, capacity 4728K, committed 4864K, reserved 1056768K
  class space    used 395K, capacity 424K, committed 512K, reserved 1048576K

